<?xml version="1.0" encoding="UTF-8"?>
<testng-results skipped="0" failed="0" total="1" passed="1">
  <reporter-output>
  </reporter-output>
  <suite name="Suite" duration-ms="18073" started-at="2018-12-07T15:28:37Z" finished-at="2018-12-07T15:28:55Z">
    <groups>
    </groups>
    <test name="Test" duration-ms="18073" started-at="2018-12-07T15:28:37Z" finished-at="2018-12-07T15:28:55Z">
      <class name="TestNG.NewTest">
        <test-method status="PASS" signature="beforeTest()[pri:0, instance:TestNG.NewTest@129a8472]" name="beforeTest" is-config="true" duration-ms="5397" started-at="2018-12-07T20:58:37Z" finished-at="2018-12-07T20:58:42Z">
          <reporter-output>
          </reporter-output>
        </test-method> <!-- beforeTest -->
        <test-method status="PASS" signature="testEasy()[pri:0, instance:TestNG.NewTest@129a8472]" name="testEasy" duration-ms="11297" started-at="2018-12-07T20:58:42Z" finished-at="2018-12-07T20:58:53Z">
          <reporter-output>
          </reporter-output>
        </test-method> <!-- testEasy -->
        <test-method status="PASS" signature="afterTest()[pri:0, instance:TestNG.NewTest@129a8472]" name="afterTest" is-config="true" duration-ms="1364" started-at="2018-12-07T20:58:53Z" finished-at="2018-12-07T20:58:55Z">
          <reporter-output>
          </reporter-output>
        </test-method> <!-- afterTest -->
      </class> <!-- TestNG.NewTest -->
    </test> <!-- Test -->
  </suite> <!-- Suite -->
</testng-results>
